<?xml version="1.0" encoding="UTF-8"?>
<!-- Generated by org.testng.reporters.JUnitXMLReporter -->
<testsuite hostname="Supermans-Air" ignored="8" name="Test" tests="11" failures="1" timestamp="18 May 2020 05:59:11 GMT" time="112.992" errors="0">
  <testcase name="allowDialogue" time="2.524" classname="tests.HomePageTest"/>
  <testcase name="clickLogin" time="2.828" classname="tests.HomePageTest"/>
  <testcase name="verifyLogo" time="0.72" classname="tests.HomePageTest"/>
  <testcase name="VerifyTagLine" time="0.667" classname="tests.HomePageTest"/>
  <testcase name="VerifyTagLineText" time="0.475" classname="tests.HomePageTest"/>
  <testcase name="CheckUserRedirection" time="6.654" classname="tests.SignUpTest"/>
  <testcase name="fillSignupForm" time="28.676" classname="tests.SignUpTest"/>
  <testcase name="doSignup" time="7.007" classname="tests.SignUpTest"/>
  <testcase name="checkValidGoogleLogin" time="6.931" classname="tests.GoogleSignupTest"/>
  <testcase name="doFacebookLogin" time="56.406" classname="tests.FbLoginTest">
    <failure type="org.openqa.selenium.NoSuchElementException" message="An element could not be located on the page using the given search parameters.
For documentation on this error, please visit: https://www.seleniumhq.org/exceptions/no_such_element.html
Build info: version: &amp;apos;3.141.59&amp;apos;, revision: &amp;apos;e82be7d358&amp;apos;, time: &amp;apos;2018-11-14T08:17:03&amp;apos;
System info: host: &amp;apos;Supermans-Air&amp;apos;, ip: &amp;apos;2409:4043:2d80:9b4c:f574:8f2e:2df0:ddda%en0&amp;apos;, os.name: &amp;apos;Mac OS X&amp;apos;, os.arch: &amp;apos;x86_64&amp;apos;, os.version: &amp;apos;10.15.2&amp;apos;, java.version: &amp;apos;1.8.0_241&amp;apos;
Driver info: io.appium.java_client.AppiumDriver
Capabilities {app: /Users/superman/Desktop/Dev..., automationName: XCUITest, browserName: , databaseEnabled: false, deviceName: iPhone 8 Plus, javascriptEnabled: true, locationContextEnabled: false, networkConnectionEnabled: false, platform: MAC, platformName: iOS, platformVersion: 13.4, takesScreenshot: true, udid: A0A42977-8D22-467B-9879-E83..., webStorageEnabled: false, xcodeConfigFile: /usr/local/lib/node_modules...}
Session ID: 21f8e709-5a7e-46ef-be46-8288ca4513cb
*** Element info: {Using=xpath, value=(//XCUIElementTypeButton[@name=&amp;quot;Cancel&amp;quot;])[2]}">
      <![CDATA[org.openqa.selenium.NoSuchElementException: An element could not be located on the page using the given search parameters.
For documentation on this error, please visit: https://www.seleniumhq.org/exceptions/no_such_element.html
Build info: version: '3.141.59', revision: 'e82be7d358', time: '2018-11-14T08:17:03'
System info: host: 'Supermans-Air', ip: '2409:4043:2d80:9b4c:f574:8f2e:2df0:ddda%en0', os.name: 'Mac OS X', os.arch: 'x86_64', os.version: '10.15.2', java.version: '1.8.0_241'
Driver info: io.appium.java_client.AppiumDriver
Capabilities {app: /Users/superman/Desktop/Dev..., automationName: XCUITest, browserName: , databaseEnabled: false, deviceName: iPhone 8 Plus, javascriptEnabled: true, locationContextEnabled: false, networkConnectionEnabled: false, platform: MAC, platformName: iOS, platformVersion: 13.4, takesScreenshot: true, udid: A0A42977-8D22-467B-9879-E83..., webStorageEnabled: false, xcodeConfigFile: /usr/local/lib/node_modules...}
Session ID: 21f8e709-5a7e-46ef-be46-8288ca4513cb
*** Element info: {Using=xpath, value=(//XCUIElementTypeButton[@name="Cancel"])[2]}
at org.openqa.selenium.remote.http.W3CHttpResponseCodec.createException(W3CHttpResponseCodec.java:187)
at org.openqa.selenium.remote.http.W3CHttpResponseCodec.decode(W3CHttpResponseCodec.java:122)
at org.openqa.selenium.remote.http.W3CHttpResponseCodec.decode(W3CHttpResponseCodec.java:49)
at org.openqa.selenium.remote.HttpCommandExecutor.execute(HttpCommandExecutor.java:158)
at io.appium.java_client.remote.AppiumCommandExecutor.execute(AppiumCommandExecutor.java:239)
at org.openqa.selenium.remote.RemoteWebDriver.execute(RemoteWebDriver.java:552)
at io.appium.java_client.DefaultGenericMobileDriver.execute(DefaultGenericMobileDriver.java:41)
at io.appium.java_client.AppiumDriver.execute(AppiumDriver.java:1)
at org.openqa.selenium.remote.RemoteWebDriver.findElement(RemoteWebDriver.java:323)
at io.appium.java_client.DefaultGenericMobileDriver.findElement(DefaultGenericMobileDriver.java:61)
at io.appium.java_client.AppiumDriver.findElement(AppiumDriver.java:1)
at org.openqa.selenium.remote.RemoteWebDriver.findElementByXPath(RemoteWebDriver.java:428)
at io.appium.java_client.DefaultGenericMobileDriver.findElementByXPath(DefaultGenericMobileDriver.java:151)
at io.appium.java_client.AppiumDriver.findElementByXPath(AppiumDriver.java:1)
at pages.FacebookSignup.ClickCancel(FacebookSignup.java:68)
at tests.FbLoginTest.doFacebookLogin(FbLoginTest.java:93)
... Removed 28 stack frames]]>
    </failure>
  </testcase> <!-- doFacebookLogin -->
  <testcase name="doLoginWithEmail" time="0.0" classname="tests.DiscoveryTest">
    <skipped/>
  </testcase> <!-- doLoginWithEmail -->
  <testcase name="@BeforeSuite setup" time="0.0" classname="utility.TestBase">
    <ignored/>
  </testcase> <!-- @BeforeSuite setup -->
  <testcase name="@BeforeSuite setup" time="0.0" classname="utility.TestBase">
    <ignored/>
  </testcase> <!-- @BeforeSuite setup -->
  <testcase name="@BeforeSuite setup" time="0.0" classname="utility.TestBase">
    <ignored/>
  </testcase> <!-- @BeforeSuite setup -->
  <testcase name="@BeforeSuite setup" time="0.0" classname="utility.TestBase">
    <ignored/>
  </testcase> <!-- @BeforeSuite setup -->
  <testcase name="@BeforeSuite setup" time="0.0" classname="utility.TestBase">
    <ignored/>
  </testcase> <!-- @BeforeSuite setup -->
  <testcase name="checkDailySelfcareTiles" time="0.0" classname="tests.DiscoveryTest">
    <ignored/>
  </testcase> <!-- checkDailySelfcareTiles -->
  <testcase name="checkProviderProfile" time="0.0" classname="tests.DiscoveryTest">
    <ignored/>
  </testcase> <!-- checkProviderProfile -->
  <testcase name="verifyShapeImage" time="0.0" classname="tests.HomePageTest">
    <ignored/>
  </testcase> <!-- verifyShapeImage -->
</testsuite> <!-- Test -->
